<?xml version="1.0" encoding="UTF-8"?>
<!-- Generated by org.testng.reporters.JUnitReportReporter -->
<testsuite skipped="0" hostname="anils-MBP" name="com.amfam.qa.test.auto.AutoClass" tests="1" failures="0" timestamp="2022-07-30T13:13:00 EDT" time="12.149" errors="0">
  <testcase name="Hh" time="12.149" classname="com.amfam.qa.test.auto.AutoClass"/>
  <system-out/>
</testsuite> <!-- com.amfam.qa.test.auto.AutoClass -->
