<?xml version="1.0" encoding="UTF-8"?>
<!-- Generated by org.testng.reporters.JUnitReportReporter -->
<testsuite skipped="0" hostname="anils-MBP" name="com.amfam.qa.test.auto.AutoClass" tests="1" failures="0" timestamp="2022-07-29T08:32:53 EDT" time="5.573" errors="0">
  <testcase name="getAutoQuote" time="5.573" classname="com.amfam.qa.test.auto.AutoClass"/>
  <system-out/>
</testsuite> <!-- com.amfam.qa.test.auto.AutoClass -->
