<?xml version="1.0" encoding="UTF-8"?>
<!-- Generated by org.testng.reporters.JUnitReportReporter -->
<testsuite skipped="0" hostname="anils-MBP" name="com.amfam.qa.test.car.AutoClass" tests="1" failures="0" timestamp="2022-08-03T22:20:13 EDT" time="14.484" errors="0">
  <testcase name="carInsurance" time="14.484" classname="com.amfam.qa.test.car.AutoClass"/>
  <system-out>
[[ChromeDriver: chrome on MAC (cf9ded09eb707ae5d8fa7ff57775d815)] -> xpath: //button[@class='LeadRouting__select a' and text() = 'Car ']]: This element has been clicked!!!<br> 11237: value has been passed into ------> [[ChromeDriver: chrome on MAC (cf9ded09eb707ae5d8fa7ff57775d815)] -> id: uid_54]<br>  </system-out>
</testsuite> <!-- com.amfam.qa.test.car.AutoClass -->
